Arguments: 
  C:\Program Files\nodejs\node.exe C:\Users\kevin\AppData\Roaming\npm\node_modules\yarn\bin\yarn.js add react-helmet

PATH: 
  C:\Program Files (x86)\Common Files\Intel\Shared Libraries\redist\intel64_win\compiler;C:\Program Files (x86)\Common Files\Oracle\Java\javapath;C:\Program Files\PostgreSQL\13\bin;C:\Windows\system32;C:\Windows;C:\Windows\System32\Wbem;C:\Windows\System32\WindowsPowerShell\v1.0\;C:\Windows\System32\OpenSSH\;C:\Program Files (x86)\NVIDIA Corporation\PhysX\Common;C:\Program Files\NVIDIA Corporation\NVIDIA NvDLISR;C:\WINDOWS\system32;C:\WINDOWS;C:\WINDOWS\System32\Wbem;C:\WINDOWS\System32\WindowsPowerShell\v1.0\;C:\WINDOWS\System32\OpenSSH\;C:\ProgramData\chocolatey\bin;C:\Program Files\Intel\Intel(R) Memory and Storage Tool\;C:\Program Files\Wolfram Research\WolframScript\;C:\Program Files\Git\cmd;C:\Program Files (x86)\GtkSharp\2.12\bin;C:\Users\kevin\AppData\Local\Programs\Python\Python310;C:\Users\kevin\AppData\Local\Programs\Python\Python310\Scripts;C:\Program Files\nodejs\;C:\Users\kevin\Desktop\app\ngrok;C:\Program Files\nodejs;C:\Users\kevin\AppData\Roaming\npm;C:\Users\kevin\AppData\Local\gitkraken\bin

Yarn version: 
  1.22.18

Node version: 
  16.15.0

Platform: 
  win32 x64

Trace: 
  Error: EPERM: operation not permitted, unlink 'C:\Users\kevin\Desktop\app\GatsbyPortfolio\node_modules\@lmdb\lmdb-win32-x64\node.abi93.node'

npm manifest: 
  {
    "name": "gatsby-starter-hello-world",
    "private": true,
    "description": "A simplified bare-bones starter for Gatsby",
    "version": "0.1.0",
    "license": "MIT",
    "scripts": {
      "build": "gatsby build",
      "develop": "gatsby develop",
      "format": "prettier --write \"**/*.{js,jsx,json,md}\"",
      "start": "npm run develop",
      "serve": "gatsby serve",
      "clean": "gatsby clean",
      "test": "echo \"Write tests! -> https://gatsby.dev/unit-testing\" && exit 1"
    },
    "dependencies": {
      "classnames": "^2.3.1",
      "gatsby": "^4.18.2",
      "gatsby-plugin-less": "^6.18.0",
      "gatsby-plugin-sass": "^5.18.1",
      "gsap": "^3.10.4",
      "imagesloaded": "^5.0.0",
      "less": "^4.1.3",
      "less-loader": "^11.0.0",
      "locomotive-scroll": "^4.1.4",
      "node-sass": "^7.0.1",
      "react": "^18.2.0",
      "react-dom": "18.2.0",
      "react-feather": "^2.0.10",
      "react-helmet": "^6.1.0",
      "react-loadable": "^5.5.0",
      "scrollmagic": "^2.0.8"
    },
    "devDependencies": {
      "prettier": "^2.7.1"
    }
  }

yarn manifest: 
  No manifest

Lockfile: 
  No lockfile
